# JRE version: OpenJDK Runtime Environment (11.0.10) (build 11.0.10+0-b96-7249189)
# Java VM: OpenJDK 64-Bit Server VM (11.0.10+0-b96-7249189, mixed mode, tiered, compressed oops, g1 gc, windows-amd64)
Heap:
 garbage-first heap   total 194560K, used 160179K [0x0000000080000000, 0x0000000100000000)
  region size 1024K, 22 young (22528K), 5 survivors (5120K)
 Metaspace       used 126388K, capacity 129750K, committed 129920K, reserved 1161216K
  class space    used 15846K, capacity 17155K, committed 17280K, reserved 1048576K
GC Heap History (20 events):
Event: 350.087 GC heap before
{Heap before GC invocations=63 (full 0):
 garbage-first heap   total 194560K, used 146785K [0x0000000080000000, 0x0000000100000000)
  region size 1024K, 30 young (30720K), 1 survivors (1024K)
 Metaspace       used 126031K, capacity 129372K, committed 129536K, reserved 1161216K
  class space    used 15846K, capacity 17133K, committed 17152K, reserved 1048576K
}
Event: 350.096 GC heap after
{Heap after GC invocations=64 (full 0):
 garbage-first heap   total 194560K, used 121583K [0x0000000080000000, 0x0000000100000000)
  region size 1024K, 4 young (4096K), 4 survivors (4096K)
 Metaspace       used 126031K, capacity 129372K, committed 129536K, reserved 1161216K
  class space    used 15846K, capacity 17133K, committed 17152K, reserved 1048576K
}
Event: 351.242 GC heap before
{Heap before GC invocations=65 (full 0):
 garbage-first heap   total 194560K, used 157423K [0x0000000080000000, 0x0000000100000000)
  region size 1024K, 35 young (35840K), 4 survivors (4096K)
 Metaspace       used 125913K, capacity 129209K, committed 129536K, reserved 1161216K
  class space    used 15824K, capacity 17093K, committed 17152K, reserved 1048576K
}
Event: 351.247 GC heap after
{Heap after GC invocations=66 (full 0):
 garbage-first heap   total 194560K, used 119073K [0x0000000080000000, 0x0000000100000000)
  region size 1024K, 1 young (1024K), 1 survivors (1024K)
 Metaspace       used 125913K, capacity 129209K, committed 129536K, reserved 1161216K
  class space    used 15824K, capacity 17093K, committed 17152K, reserved 1048576K
}
Event: 351.311 GC heap before
{Heap before GC invocations=66 (full 0):
 garbage-first heap   total 194560K, used 127265K [0x0000000080000000, 0x0000000100000000)
  region size 1024K, 9 young (9216K), 1 survivors (1024K)
 Metaspace       used 125914K, capacity 129209K, committed 129536K, reserved 1161216K
  class space    used 15824K, capacity 17093K, committed 17152K, reserved 1048576K
}
Event: 351.318 GC heap after
{Heap after GC invocations=67 (full 0):
 garbage-first heap   total 194560K, used 118247K [0x0000000080000000, 0x0000000100000000)
  region size 1024K, 1 young (1024K), 1 survivors (1024K)
 Metaspace       used 125914K, capacity 129209K, committed 129536K, reserved 1161216K
  class space    used 15824K, capacity 17093K, committed 17152K, reserved 1048576K
}
Event: 351.378 GC heap before
{Heap before GC invocations=67 (full 0):
 garbage-first heap   total 194560K, used 122343K [0x0000000080000000, 0x0000000100000000)
  region size 1024K, 6 young (6144K), 1 survivors (1024K)
 Metaspace       used 125915K, capacity 129209K, committed 129536K, reserved 1161216K
  class space    used 15824K, capacity 17093K, committed 17152K, reserved 1048576K
}
Event: 351.382 GC heap after
{Heap after GC invocations=68 (full 0):
 garbage-first heap   total 194560K, used 118551K [0x0000000080000000, 0x0000000100000000)
  region size 1024K, 1 young (1024K), 1 survivors (1024K)
 Metaspace       used 125915K, capacity 129209K, committed 129536K, reserved 1161216K
  class space    used 15824K, capacity 17093K, committed 17152K, reserved 1048576K
}
Event: 554.571 GC heap before
{Heap before GC invocations=69 (full 0):
 garbage-first heap   total 194560K, used 163607K [0x0000000080000000, 0x0000000100000000)
  region size 1024K, 35 young (35840K), 1 survivors (1024K)
 Metaspace       used 126083K, capacity 129425K, committed 129536K, reserved 1161216K
  class space    used 15832K, capacity 17136K, committed 17152K, reserved 1048576K
}
Event: 554.578 GC heap after
{Heap after GC invocations=70 (full 0):
 garbage-first heap   total 194560K, used 118740K [0x0000000080000000, 0x0000000100000000)
  region size 1024K, 3 young (3072K), 3 survivors (3072K)
 Metaspace       used 126083K, capacity 129425K, committed 129536K, reserved 1161216K
  class space    used 15832K, capacity 17136K, committed 17152K, reserved 1048576K
}
Event: 554.876 GC heap before
{Heap before GC invocations=70 (full 0):
 garbage-first heap   total 194560K, used 124884K [0x0000000080000000, 0x0000000100000000)
  region size 1024K, 9 young (9216K), 3 survivors (3072K)
 Metaspace       used 126131K, capacity 129492K, committed 129536K, reserved 1161216K
  class space    used 15833K, capacity 17137K, committed 17152K, reserved 1048576K
}
Event: 554.890 GC heap after
{Heap after GC invocations=71 (full 0):
 garbage-first heap   total 194560K, used 113240K [0x0000000080000000, 0x0000000100000000)
  region size 1024K, 2 young (2048K), 2 survivors (2048K)
 Metaspace       used 126131K, capacity 129492K, committed 129536K, reserved 1161216K
  class space    used 15833K, capacity 17137K, committed 17152K, reserved 1048576K
}
Event: 555.445 GC heap before
{Heap before GC invocations=71 (full 0):
 garbage-first heap   total 194560K, used 126552K [0x0000000080000000, 0x0000000100000000)
  region size 1024K, 16 young (16384K), 2 survivors (2048K)
 Metaspace       used 126224K, capacity 129634K, committed 129792K, reserved 1161216K
  class space    used 15835K, capacity 17139K, committed 17152K, reserved 1048576K
}
Event: 555.457 GC heap after
{Heap after GC invocations=72 (full 0):
 garbage-first heap   total 194560K, used 114919K [0x0000000080000000, 0x0000000100000000)
  region size 1024K, 3 young (3072K), 3 survivors (3072K)
 Metaspace       used 126224K, capacity 129634K, committed 129792K, reserved 1161216K
  class space    used 15835K, capacity 17139K, committed 17152K, reserved 1048576K
}
Event: 556.096 GC heap before
{Heap before GC invocations=73 (full 0):
 garbage-first heap   total 194560K, used 155879K [0x0000000080000000, 0x0000000100000000)
  region size 1024K, 42 young (43008K), 3 survivors (3072K)
 Metaspace       used 126274K, capacity 129641K, committed 129792K, reserved 1161216K
  class space    used 15838K, capacity 17141K, committed 17152K, reserved 1048576K
}
Event: 556.117 GC heap after
{Heap after GC invocations=74 (full 0):
 garbage-first heap   total 194560K, used 128617K [0x0000000080000000, 0x0000000100000000)
  region size 1024K, 6 young (6144K), 6 survivors (6144K)
 Metaspace       used 126274K, capacity 129641K, committed 129792K, reserved 1161216K
  class space    used 15838K, capacity 17141K, committed 17152K, reserved 1048576K
}
Event: 556.133 GC heap before
{Heap before GC invocations=74 (full 0):
 garbage-first heap   total 194560K, used 130665K [0x0000000080000000, 0x0000000100000000)
  region size 1024K, 9 young (9216K), 6 survivors (6144K)
 Metaspace       used 126274K, capacity 129641K, committed 129792K, reserved 1161216K
  class space    used 15838K, capacity 17141K, committed 17152K, reserved 1048576K
}
Event: 556.155 GC heap after
{Heap after GC invocations=75 (full 0):
 garbage-first heap   total 194560K, used 121991K [0x0000000080000000, 0x0000000100000000)
  region size 1024K, 1 young (1024K), 1 survivors (1024K)
 Metaspace       used 126274K, capacity 129641K, committed 129792K, reserved 1161216K
  class space    used 15838K, capacity 17141K, committed 17152K, reserved 1048576K
}
Event: 556.284 GC heap before
{Heap before GC invocations=75 (full 0):
 garbage-first heap   total 194560K, used 135303K [0x0000000080000000, 0x0000000100000000)
  region size 1024K, 15 young (15360K), 1 survivors (1024K)
 Metaspace       used 126289K, capacity 129705K, committed 129792K, reserved 1161216K
  class space    used 15838K, capacity 17141K, committed 17152K, reserved 1048576K
}
Event: 556.299 GC heap after
{Heap after GC invocations=76 (full 0):
 garbage-first heap   total 194560K, used 129459K [0x0000000080000000, 0x0000000100000000)
  region size 1024K, 5 young (5120K), 5 survivors (5120K)
 Metaspace       used 126289K, capacity 129705K, committed 129792K, reserved 1161216K
  class space    used 15838K, capacity 17141K, committed 17152K, reserved 1048576K
}

